# JRE version: Java(TM) SE Runtime Environment (8.0_91-b14) (build 1.8.0_91-b14)
# Java VM: Java HotSpot(TM) 64-Bit Server VM (25.91-b14 mixed mode windows-amd64 compressed oops)
Heap:
 PSYoungGen      total 258048K, used 107309K [0x00000000eab00000, 0x0000000100000000, 0x0000000100000000)
  eden space 166912K, 9% used [0x00000000eab00000,0x00000000ebacd1c8,0x00000000f4e00000)
  from space 91136K, 99% used [0x00000000f4e00000,0x00000000fa6fe330,0x00000000fa700000)
  to   space 91136K, 0% used [0x00000000fa700000,0x00000000fa700000,0x0000000100000000)
 ParOldGen       total 168960K, used 71784K [0x00000000c0000000, 0x00000000ca500000, 0x00000000eab00000)
  object space 168960K, 42% used [0x00000000c0000000,0x00000000c461a0d0,0x00000000ca500000)
 Metaspace       used 5926K, capacity 6960K, committed 7040K, reserved 1056768K
  class space    used 586K, capacity 616K, committed 640K, reserved 1048576K
GC Heap History (10 events):
Event: 2.040 GC heap before
{Heap before GC invocations=7 (full 2):
 PSYoungGen      total 138240K, used 5112K [0x00000000eab00000, 0x00000000faa00000, 0x0000000100000000)
  eden space 133120K, 0% used [0x00000000eab00000,0x00000000eab00000,0x00000000f2d00000)
  from space 5120K, 99% used [0x00000000f2d00000,0x00000000f31fe100,0x00000000f3200000)
  to   space 56320K, 0% used [0x00000000f7300000,0x00000000f7300000,0x00000000faa00000)
 ParOldGen       total 154624K, used 126601K [0x00000000c0000000, 0x00000000c9700000, 0x00000000eab00000)
  object space 154624K, 81% used [0x00000000c0000000,0x00000000c7ba2700,0x00000000c9700000)
 Metaspace       used 5816K, capacity 6896K, committed 7040K, reserved 1056768K
  class space    used 584K, capacity 616K, committed 640K, reserved 1048576K
Event: 2.174 GC heap after
Heap after GC invocations=7 (full 2):
 PSYoungGen      total 138240K, used 0K [0x00000000eab00000, 0x00000000faa00000, 0x0000000100000000)
  eden space 133120K, 0% used [0x00000000eab00000,0x00000000eab00000,0x00000000f2d00000)
  from space 5120K, 0% used [0x00000000f2d00000,0x00000000f2d00000,0x00000000f3200000)
  to   space 56320K, 0% used [0x00000000f7300000,0x00000000f7300000,0x00000000faa00000)
 ParOldGen       total 168960K, used 43892K [0x00000000c0000000, 0x00000000ca500000, 0x00000000eab00000)
  object space 168960K, 25% used [0x00000000c0000000,0x00000000c2add248,0x00000000ca500000)
 Metaspace       used 5816K, capacity 6896K, committed 7040K, reserved 1056768K
  class space    used 584K, capacity 616K, committed 640K, reserved 1048576K
}
Event: 2.392 GC heap before
{Heap before GC invocations=8 (full 2):
 PSYoungGen      total 138240K, used 133120K [0x00000000eab00000, 0x00000000faa00000, 0x0000000100000000)
  eden space 133120K, 100% used [0x00000000eab00000,0x00000000f2d00000,0x00000000f2d00000)
  from space 5120K, 0% used [0x00000000f2d00000,0x00000000f2d00000,0x00000000f3200000)
  to   space 56320K, 0% used [0x00000000f7300000,0x00000000f7300000,0x00000000faa00000)
 ParOldGen       total 168960K, used 43892K [0x00000000c0000000, 0x00000000ca500000, 0x00000000eab00000)
  object space 168960K, 25% used [0x00000000c0000000,0x00000000c2add248,0x00000000ca500000)
 Metaspace       used 5818K, capacity 6896K, committed 7040K, reserved 1056768K
  class space    used 584K, capacity 616K, committed 640K, reserved 1048576K
Event: 2.431 GC heap after
Heap after GC invocations=8 (full 2):
 PSYoungGen      total 195072K, used 55480K [0x00000000eab00000, 0x00000000fe880000, 0x0000000100000000)
  eden space 138752K, 0% used [0x00000000eab00000,0x00000000eab00000,0x00000000f3280000)
  from space 56320K, 98% used [0x00000000f7300000,0x00000000fa92e018,0x00000000faa00000)
  to   space 66048K, 0% used [0x00000000f3280000,0x00000000f3280000,0x00000000f7300000)
 ParOldGen       total 168960K, used 43892K [0x00000000c0000000, 0x00000000ca500000, 0x00000000eab00000)
  object space 168960K, 25% used [0x00000000c0000000,0x00000000c2add248,0x00000000ca500000)
 Metaspace       used 5818K, capacity 6896K, committed 7040K, reserved 1056768K
  class space    used 584K, capacity 616K, committed 640K, reserved 1048576K
}
Event: 2.784 GC heap before
{Heap before GC invocations=9 (full 2):
 PSYoungGen      total 195072K, used 194232K [0x00000000eab00000, 0x00000000fe880000, 0x0000000100000000)
  eden space 138752K, 100% used [0x00000000eab00000,0x00000000f3280000,0x00000000f3280000)
  from space 56320K, 98% used [0x00000000f7300000,0x00000000fa92e018,0x00000000faa00000)
  to   space 66048K, 0% used [0x00000000f3280000,0x00000000f3280000,0x00000000f7300000)
 ParOldGen       total 168960K, used 43892K [0x00000000c0000000, 0x00000000ca500000, 0x00000000eab00000)
  object space 168960K, 25% used [0x00000000c0000000,0x00000000c2add248,0x00000000ca500000)
 Metaspace       used 5896K, capacity 6960K, committed 7040K, reserved 1056768K
  class space    used 585K, capacity 616K, committed 640K, reserved 1048576K
Event: 2.849 GC heap after
Heap after GC invocations=9 (full 2):
 PSYoungGen      total 204800K, used 60461K [0x00000000eab00000, 0x0000000100000000, 0x0000000100000000)
  eden space 138752K, 0% used [0x00000000eab00000,0x00000000eab00000,0x00000000f3280000)
  from space 66048K, 91% used [0x00000000f3280000,0x00000000f6d8b478,0x00000000f7300000)
  to   space 74752K, 0% used [0x00000000fb700000,0x00000000fb700000,0x0000000100000000)
 ParOldGen       total 168960K, used 43892K [0x00000000c0000000, 0x00000000ca500000, 0x00000000eab00000)
  object space 168960K, 25% used [0x00000000c0000000,0x00000000c2add248,0x00000000ca500000)
 Metaspace       used 5896K, capacity 6960K, committed 7040K, reserved 1056768K
  class space    used 585K, capacity 616K, committed 640K, reserved 1048576K
}
Event: 3.177 GC heap before
{Heap before GC invocations=10 (full 2):
 PSYoungGen      total 204800K, used 199213K [0x00000000eab00000, 0x0000000100000000, 0x0000000100000000)
  eden space 138752K, 100% used [0x00000000eab00000,0x00000000f3280000,0x00000000f3280000)
  from space 66048K, 91% used [0x00000000f3280000,0x00000000f6d8b478,0x00000000f7300000)
  to   space 74752K, 0% used [0x00000000fb700000,0x00000000fb700000,0x0000000100000000)
 ParOldGen       total 168960K, used 43892K [0x00000000c0000000, 0x00000000ca500000, 0x00000000eab00000)
  object space 168960K, 25% used [0x00000000c0000000,0x00000000c2add248,0x00000000ca500000)
 Metaspace       used 5899K, capacity 6960K, committed 7040K, reserved 1056768K
  class space    used 585K, capacity 616K, committed 640K, reserved 1048576K
Event: 3.237 GC heap after
Heap after GC invocations=10 (full 2):
 PSYoungGen      total 241664K, used 74720K [0x00000000eab00000, 0x0000000100000000, 0x0000000100000000)
  eden space 166912K, 0% used [0x00000000eab00000,0x00000000eab00000,0x00000000f4e00000)
  from space 74752K, 99% used [0x00000000fb700000,0x00000000ffff8048,0x0000000100000000)
  to   space 91136K, 0% used [0x00000000f4e00000,0x00000000f4e00000,0x00000000fa700000)
 ParOldGen       total 168960K, used 55256K [0x00000000c0000000, 0x00000000ca500000, 0x00000000eab00000)
  object space 168960K, 32% used [0x00000000c0000000,0x00000000c35f63c0,0x00000000ca500000)
 Metaspace       used 5899K, capacity 6960K, committed 7040K, reserved 1056768K
  class space    used 585K, capacity 616K, committed 640K, reserved 1048576K
}
Event: 3.575 GC heap before
{Heap before GC invocations=11 (full 2):
 PSYoungGen      total 241664K, used 241632K [0x00000000eab00000, 0x0000000100000000, 0x0000000100000000)
  eden space 166912K, 100% used [0x00000000eab00000,0x00000000f4e00000,0x00000000f4e00000)
  from space 74752K, 99% used [0x00000000fb700000,0x00000000ffff8048,0x0000000100000000)
  to   space 91136K, 0% used [0x00000000f4e00000,0x00000000f4e00000,0x00000000fa700000)
 ParOldGen       total 168960K, used 55256K [0x00000000c0000000, 0x00000000ca500000, 0x00000000eab00000)
  object space 168960K, 32% used [0x00000000c0000000,0x00000000c35f63c0,0x00000000ca500000)
 Metaspace       used 5925K, capacity 6960K, committed 7040K, reserved 1056768K
  class space    used 586K, capacity 616K, committed 640K, reserved 1048576K
Event: 3.777 GC heap after
Heap after GC invocations=11 (full 2):
 PSYoungGen      total 258048K, used 91128K [0x00000000eab00000, 0x0000000100000000, 0x0000000100000000)
  eden space 166912K, 0% used [0x00000000eab00000,0x00000000eab00000,0x00000000f4e00000)
  from space 91136K, 99% used [0x00000000f4e00000,0x00000000fa6fe330,0x00000000fa700000)
  to   space 91136K, 0% used [0x00000000fa700000,0x00000000fa700000,0x0000000100000000)
 ParOldGen       total 168960K, used 71784K [0x00000000c0000000, 0x00000000ca500000, 0x00000000eab00000)
  object space 168960K, 42% used [0x00000000c0000000,0x00000000c461a0d0,0x00000000ca500000)
 Metaspace       used 5925K, capacity 6960K, committed 7040K, reserved 1056768K
  class space    used 586K, capacity 616K, committed 640K, reserved 1048576K
}

